Determining if the pthread_create exist failed with the following output:
Change Dir: /home/jaqq/.gazebo/pp/plugin/build/CMakeFiles/CMakeTmp

Run Build Command:"/usr/bin/make" "cmTC_c8ad1/fast"
/usr/bin/make -f CMakeFiles/cmTC_c8ad1.dir/build.make CMakeFiles/cmTC_c8ad1.dir/build
make[1]: Entering directory '/home/jaqq/.gazebo/pp/plugin/build/CMakeFiles/CMakeTmp'
Building C object CMakeFiles/cmTC_c8ad1.dir/CheckSymbolExists.c.o
/usr/bin/cc     -o CMakeFiles/cmTC_c8ad1.dir/CheckSymbolExists.c.o   -c /home/jaqq/.gazebo/pp/plugin/build/CMakeFiles/CMakeTmp/CheckSymbolExists.c
Linking C executable cmTC_c8ad1
/usr/bin/cmake -E cmake_link_script CMakeFiles/cmTC_c8ad1.dir/link.txt --verbose=1
/usr/bin/cc       CMakeFiles/cmTC_c8ad1.dir/CheckSymbolExists.c.o  -o cmTC_c8ad1 -rdynamic 
CMakeFiles/cmTC_c8ad1.dir/CheckSymbolExists.c.o: 於函式 main:
CheckSymbolExists.c:(.text+0x16): 未定義參考到「pthread_create」
collect2: error: ld returned 1 exit status
CMakeFiles/cmTC_c8ad1.dir/build.make:97: recipe for target 'cmTC_c8ad1' failed
make[1]: *** [cmTC_c8ad1] Error 1
make[1]: Leaving directory '/home/jaqq/.gazebo/pp/plugin/build/CMakeFiles/CMakeTmp'
Makefile:126: recipe for target 'cmTC_c8ad1/fast' failed
make: *** [cmTC_c8ad1/fast] Error 2

File /home/jaqq/.gazebo/pp/plugin/build/CMakeFiles/CMakeTmp/CheckSymbolExists.c:
/* */
#include <pthread.h>

int main(int argc, char** argv)
{
  (void)argv;
#ifndef pthread_create
  return ((int*)(&pthread_create))[argc];
#else
  (void)argc;
  return 0;
#endif
}

Determining if the function pthread_create exists in the pthreads failed with the following output:
Change Dir: /home/jaqq/.gazebo/pp/plugin/build/CMakeFiles/CMakeTmp

Run Build Command:"/usr/bin/make" "cmTC_95e88/fast"
/usr/bin/make -f CMakeFiles/cmTC_95e88.dir/build.make CMakeFiles/cmTC_95e88.dir/build
make[1]: Entering directory '/home/jaqq/.gazebo/pp/plugin/build/CMakeFiles/CMakeTmp'
Building C object CMakeFiles/cmTC_95e88.dir/CheckFunctionExists.c.o
/usr/bin/cc    -DCHECK_FUNCTION_EXISTS=pthread_create   -o CMakeFiles/cmTC_95e88.dir/CheckFunctionExists.c.o   -c /usr/share/cmake-3.5/Modules/CheckFunctionExists.c
Linking C executable cmTC_95e88
/usr/bin/cmake -E cmake_link_script CMakeFiles/cmTC_95e88.dir/link.txt --verbose=1
/usr/bin/cc   -DCHECK_FUNCTION_EXISTS=pthread_create    CMakeFiles/cmTC_95e88.dir/CheckFunctionExists.c.o  -o cmTC_95e88 -rdynamic -lpthreads 
/usr/bin/ld: 找不到 -lpthreads
collect2: error: ld returned 1 exit status
CMakeFiles/cmTC_95e88.dir/build.make:97: recipe for target 'cmTC_95e88' failed
make[1]: *** [cmTC_95e88] Error 1
make[1]: Leaving directory '/home/jaqq/.gazebo/pp/plugin/build/CMakeFiles/CMakeTmp'
Makefile:126: recipe for target 'cmTC_95e88/fast' failed
make: *** [cmTC_95e88/fast] Error 2


Determining if the pthread_create exist failed with the following output:
Change Dir: /home/jaqq/learning/gazebo/pp/plugin/build/CMakeFiles/CMakeTmp

Run Build Command:"/usr/bin/make" "cmTC_e0291/fast"
/usr/bin/make -f CMakeFiles/cmTC_e0291.dir/build.make CMakeFiles/cmTC_e0291.dir/build
make[1]: Entering directory '/home/jaqq/learning/gazebo/pp/plugin/build/CMakeFiles/CMakeTmp'
Building C object CMakeFiles/cmTC_e0291.dir/CheckSymbolExists.c.o
/usr/bin/cc     -o CMakeFiles/cmTC_e0291.dir/CheckSymbolExists.c.o   -c /home/jaqq/learning/gazebo/pp/plugin/build/CMakeFiles/CMakeTmp/CheckSymbolExists.c
Linking C executable cmTC_e0291
/usr/bin/cmake -E cmake_link_script CMakeFiles/cmTC_e0291.dir/link.txt --verbose=1
/usr/bin/cc       CMakeFiles/cmTC_e0291.dir/CheckSymbolExists.c.o  -o cmTC_e0291 -rdynamic 
CMakeFiles/cmTC_e0291.dir/CheckSymbolExists.c.o: In function `main':
CheckSymbolExists.c:(.text+0x16): undefined reference to `pthread_create'
collect2: error: ld returned 1 exit status
CMakeFiles/cmTC_e0291.dir/build.make:97: recipe for target 'cmTC_e0291' failed
make[1]: *** [cmTC_e0291] Error 1
make[1]: Leaving directory '/home/jaqq/learning/gazebo/pp/plugin/build/CMakeFiles/CMakeTmp'
Makefile:126: recipe for target 'cmTC_e0291/fast' failed
make: *** [cmTC_e0291/fast] Error 2

File /home/jaqq/learning/gazebo/pp/plugin/build/CMakeFiles/CMakeTmp/CheckSymbolExists.c:
/* */
#include <pthread.h>

int main(int argc, char** argv)
{
  (void)argv;
#ifndef pthread_create
  return ((int*)(&pthread_create))[argc];
#else
  (void)argc;
  return 0;
#endif
}

Determining if the function pthread_create exists in the pthreads failed with the following output:
Change Dir: /home/jaqq/learning/gazebo/pp/plugin/build/CMakeFiles/CMakeTmp

Run Build Command:"/usr/bin/make" "cmTC_86663/fast"
/usr/bin/make -f CMakeFiles/cmTC_86663.dir/build.make CMakeFiles/cmTC_86663.dir/build
make[1]: Entering directory '/home/jaqq/learning/gazebo/pp/plugin/build/CMakeFiles/CMakeTmp'
Building C object CMakeFiles/cmTC_86663.dir/CheckFunctionExists.c.o
/usr/bin/cc    -DCHECK_FUNCTION_EXISTS=pthread_create   -o CMakeFiles/cmTC_86663.dir/CheckFunctionExists.c.o   -c /usr/share/cmake-3.5/Modules/CheckFunctionExists.c
Linking C executable cmTC_86663
/usr/bin/cmake -E cmake_link_script CMakeFiles/cmTC_86663.dir/link.txt --verbose=1
/usr/bin/cc   -DCHECK_FUNCTION_EXISTS=pthread_create    CMakeFiles/cmTC_86663.dir/CheckFunctionExists.c.o  -o cmTC_86663 -rdynamic -lpthreads 
/usr/bin/ld: cannot find -lpthreads
collect2: error: ld returned 1 exit status
CMakeFiles/cmTC_86663.dir/build.make:97: recipe for target 'cmTC_86663' failed
make[1]: *** [cmTC_86663] Error 1
make[1]: Leaving directory '/home/jaqq/learning/gazebo/pp/plugin/build/CMakeFiles/CMakeTmp'
Makefile:126: recipe for target 'cmTC_86663/fast' failed
make: *** [cmTC_86663/fast] Error 2


