Determining if the pthread_create exist failed with the following output:
Change Dir: /home/jaqq/learning/gazebo/pp/plugin/CMakeFiles/CMakeTmp

Run Build Command:"/usr/bin/make" "cmTC_91097/fast"
/usr/bin/make -f CMakeFiles/cmTC_91097.dir/build.make CMakeFiles/cmTC_91097.dir/build
make[1]: Entering directory '/home/jaqq/learning/gazebo/pp/plugin/CMakeFiles/CMakeTmp'
Building C object CMakeFiles/cmTC_91097.dir/CheckSymbolExists.c.o
/usr/bin/cc     -o CMakeFiles/cmTC_91097.dir/CheckSymbolExists.c.o   -c /home/jaqq/learning/gazebo/pp/plugin/CMakeFiles/CMakeTmp/CheckSymbolExists.c
Linking C executable cmTC_91097
/usr/bin/cmake -E cmake_link_script CMakeFiles/cmTC_91097.dir/link.txt --verbose=1
/usr/bin/cc       CMakeFiles/cmTC_91097.dir/CheckSymbolExists.c.o  -o cmTC_91097 -rdynamic 
CMakeFiles/cmTC_91097.dir/CheckSymbolExists.c.o: In function `main':
CheckSymbolExists.c:(.text+0x16): undefined reference to `pthread_create'
collect2: error: ld returned 1 exit status
CMakeFiles/cmTC_91097.dir/build.make:97: recipe for target 'cmTC_91097' failed
make[1]: *** [cmTC_91097] Error 1
make[1]: Leaving directory '/home/jaqq/learning/gazebo/pp/plugin/CMakeFiles/CMakeTmp'
Makefile:126: recipe for target 'cmTC_91097/fast' failed
make: *** [cmTC_91097/fast] Error 2

File /home/jaqq/learning/gazebo/pp/plugin/CMakeFiles/CMakeTmp/CheckSymbolExists.c:
/* */
#include <pthread.h>

int main(int argc, char** argv)
{
  (void)argv;
#ifndef pthread_create
  return ((int*)(&pthread_create))[argc];
#else
  (void)argc;
  return 0;
#endif
}

Determining if the function pthread_create exists in the pthreads failed with the following output:
Change Dir: /home/jaqq/learning/gazebo/pp/plugin/CMakeFiles/CMakeTmp

Run Build Command:"/usr/bin/make" "cmTC_4c621/fast"
/usr/bin/make -f CMakeFiles/cmTC_4c621.dir/build.make CMakeFiles/cmTC_4c621.dir/build
make[1]: Entering directory '/home/jaqq/learning/gazebo/pp/plugin/CMakeFiles/CMakeTmp'
Building C object CMakeFiles/cmTC_4c621.dir/CheckFunctionExists.c.o
/usr/bin/cc    -DCHECK_FUNCTION_EXISTS=pthread_create   -o CMakeFiles/cmTC_4c621.dir/CheckFunctionExists.c.o   -c /usr/share/cmake-3.5/Modules/CheckFunctionExists.c
Linking C executable cmTC_4c621
/usr/bin/cmake -E cmake_link_script CMakeFiles/cmTC_4c621.dir/link.txt --verbose=1
/usr/bin/cc   -DCHECK_FUNCTION_EXISTS=pthread_create    CMakeFiles/cmTC_4c621.dir/CheckFunctionExists.c.o  -o cmTC_4c621 -rdynamic -lpthreads 
/usr/bin/ld: cannot find -lpthreads
collect2: error: ld returned 1 exit status
CMakeFiles/cmTC_4c621.dir/build.make:97: recipe for target 'cmTC_4c621' failed
make[1]: *** [cmTC_4c621] Error 1
make[1]: Leaving directory '/home/jaqq/learning/gazebo/pp/plugin/CMakeFiles/CMakeTmp'
Makefile:126: recipe for target 'cmTC_4c621/fast' failed
make: *** [cmTC_4c621/fast] Error 2


Determining if the pthread_create exist failed with the following output:
Change Dir: /home/jaqq/learning/gazebo/pp/plugin/CMakeFiles/CMakeTmp

Run Build Command:"/usr/bin/make" "cmTC_ce59b/fast"
/usr/bin/make -f CMakeFiles/cmTC_ce59b.dir/build.make CMakeFiles/cmTC_ce59b.dir/build
make[1]: Entering directory '/home/jaqq/learning/gazebo/pp/plugin/CMakeFiles/CMakeTmp'
Building C object CMakeFiles/cmTC_ce59b.dir/CheckSymbolExists.c.o
/usr/bin/cc     -o CMakeFiles/cmTC_ce59b.dir/CheckSymbolExists.c.o   -c /home/jaqq/learning/gazebo/pp/plugin/CMakeFiles/CMakeTmp/CheckSymbolExists.c
Linking C executable cmTC_ce59b
/usr/bin/cmake -E cmake_link_script CMakeFiles/cmTC_ce59b.dir/link.txt --verbose=1
/usr/bin/cc       CMakeFiles/cmTC_ce59b.dir/CheckSymbolExists.c.o  -o cmTC_ce59b -rdynamic 
CMakeFiles/cmTC_ce59b.dir/CheckSymbolExists.c.o: In function `main':
CheckSymbolExists.c:(.text+0x16): undefined reference to `pthread_create'
collect2: error: ld returned 1 exit status
CMakeFiles/cmTC_ce59b.dir/build.make:97: recipe for target 'cmTC_ce59b' failed
make[1]: *** [cmTC_ce59b] Error 1
make[1]: Leaving directory '/home/jaqq/learning/gazebo/pp/plugin/CMakeFiles/CMakeTmp'
Makefile:126: recipe for target 'cmTC_ce59b/fast' failed
make: *** [cmTC_ce59b/fast] Error 2

File /home/jaqq/learning/gazebo/pp/plugin/CMakeFiles/CMakeTmp/CheckSymbolExists.c:
/* */
#include <pthread.h>

int main(int argc, char** argv)
{
  (void)argv;
#ifndef pthread_create
  return ((int*)(&pthread_create))[argc];
#else
  (void)argc;
  return 0;
#endif
}

Determining if the function pthread_create exists in the pthreads failed with the following output:
Change Dir: /home/jaqq/learning/gazebo/pp/plugin/CMakeFiles/CMakeTmp

Run Build Command:"/usr/bin/make" "cmTC_39e2e/fast"
/usr/bin/make -f CMakeFiles/cmTC_39e2e.dir/build.make CMakeFiles/cmTC_39e2e.dir/build
make[1]: Entering directory '/home/jaqq/learning/gazebo/pp/plugin/CMakeFiles/CMakeTmp'
Building C object CMakeFiles/cmTC_39e2e.dir/CheckFunctionExists.c.o
/usr/bin/cc    -DCHECK_FUNCTION_EXISTS=pthread_create   -o CMakeFiles/cmTC_39e2e.dir/CheckFunctionExists.c.o   -c /usr/share/cmake-3.5/Modules/CheckFunctionExists.c
Linking C executable cmTC_39e2e
/usr/bin/cmake -E cmake_link_script CMakeFiles/cmTC_39e2e.dir/link.txt --verbose=1
/usr/bin/cc   -DCHECK_FUNCTION_EXISTS=pthread_create    CMakeFiles/cmTC_39e2e.dir/CheckFunctionExists.c.o  -o cmTC_39e2e -rdynamic -lpthreads 
/usr/bin/ld: cannot find -lpthreads
collect2: error: ld returned 1 exit status
CMakeFiles/cmTC_39e2e.dir/build.make:97: recipe for target 'cmTC_39e2e' failed
make[1]: *** [cmTC_39e2e] Error 1
make[1]: Leaving directory '/home/jaqq/learning/gazebo/pp/plugin/CMakeFiles/CMakeTmp'
Makefile:126: recipe for target 'cmTC_39e2e/fast' failed
make: *** [cmTC_39e2e/fast] Error 2


