Determining if the pthread_create exist failed with the following output:
Change Dir: /home/jaqq/.gazebo/pp/listener/build/CMakeFiles/CMakeTmp

Run Build Command:"/usr/bin/make" "cmTC_6b4eb/fast"
/usr/bin/make -f CMakeFiles/cmTC_6b4eb.dir/build.make CMakeFiles/cmTC_6b4eb.dir/build
make[1]: Entering directory '/home/jaqq/.gazebo/pp/listener/build/CMakeFiles/CMakeTmp'
Building C object CMakeFiles/cmTC_6b4eb.dir/CheckSymbolExists.c.o
/usr/bin/cc     -o CMakeFiles/cmTC_6b4eb.dir/CheckSymbolExists.c.o   -c /home/jaqq/.gazebo/pp/listener/build/CMakeFiles/CMakeTmp/CheckSymbolExists.c
Linking C executable cmTC_6b4eb
/usr/bin/cmake -E cmake_link_script CMakeFiles/cmTC_6b4eb.dir/link.txt --verbose=1
/usr/bin/cc       CMakeFiles/cmTC_6b4eb.dir/CheckSymbolExists.c.o  -o cmTC_6b4eb -rdynamic 
CMakeFiles/cmTC_6b4eb.dir/CheckSymbolExists.c.o: 於函式 main:
CheckSymbolExists.c:(.text+0x16): 未定義參考到「pthread_create」
collect2: error: ld returned 1 exit status
CMakeFiles/cmTC_6b4eb.dir/build.make:97: recipe for target 'cmTC_6b4eb' failed
make[1]: *** [cmTC_6b4eb] Error 1
make[1]: Leaving directory '/home/jaqq/.gazebo/pp/listener/build/CMakeFiles/CMakeTmp'
Makefile:126: recipe for target 'cmTC_6b4eb/fast' failed
make: *** [cmTC_6b4eb/fast] Error 2

File /home/jaqq/.gazebo/pp/listener/build/CMakeFiles/CMakeTmp/CheckSymbolExists.c:
/* */
#include <pthread.h>

int main(int argc, char** argv)
{
  (void)argv;
#ifndef pthread_create
  return ((int*)(&pthread_create))[argc];
#else
  (void)argc;
  return 0;
#endif
}

Determining if the function pthread_create exists in the pthreads failed with the following output:
Change Dir: /home/jaqq/.gazebo/pp/listener/build/CMakeFiles/CMakeTmp

Run Build Command:"/usr/bin/make" "cmTC_56dfe/fast"
/usr/bin/make -f CMakeFiles/cmTC_56dfe.dir/build.make CMakeFiles/cmTC_56dfe.dir/build
make[1]: Entering directory '/home/jaqq/.gazebo/pp/listener/build/CMakeFiles/CMakeTmp'
Building C object CMakeFiles/cmTC_56dfe.dir/CheckFunctionExists.c.o
/usr/bin/cc    -DCHECK_FUNCTION_EXISTS=pthread_create   -o CMakeFiles/cmTC_56dfe.dir/CheckFunctionExists.c.o   -c /usr/share/cmake-3.5/Modules/CheckFunctionExists.c
Linking C executable cmTC_56dfe
/usr/bin/cmake -E cmake_link_script CMakeFiles/cmTC_56dfe.dir/link.txt --verbose=1
/usr/bin/cc   -DCHECK_FUNCTION_EXISTS=pthread_create    CMakeFiles/cmTC_56dfe.dir/CheckFunctionExists.c.o  -o cmTC_56dfe -rdynamic -lpthreads 
/usr/bin/ld: 找不到 -lpthreads
collect2: error: ld returned 1 exit status
CMakeFiles/cmTC_56dfe.dir/build.make:97: recipe for target 'cmTC_56dfe' failed
make[1]: *** [cmTC_56dfe] Error 1
make[1]: Leaving directory '/home/jaqq/.gazebo/pp/listener/build/CMakeFiles/CMakeTmp'
Makefile:126: recipe for target 'cmTC_56dfe/fast' failed
make: *** [cmTC_56dfe/fast] Error 2


