Determining if the pthread_create exist failed with the following output:
Change Dir: /home/jaqq/.gazebo/pp/build/CMakeFiles/CMakeTmp

Run Build Command:"/usr/bin/make" "cmTC_7a8b5/fast"
/usr/bin/make -f CMakeFiles/cmTC_7a8b5.dir/build.make CMakeFiles/cmTC_7a8b5.dir/build
make[1]: Entering directory '/home/jaqq/.gazebo/pp/build/CMakeFiles/CMakeTmp'
Building C object CMakeFiles/cmTC_7a8b5.dir/CheckSymbolExists.c.o
/usr/bin/cc     -o CMakeFiles/cmTC_7a8b5.dir/CheckSymbolExists.c.o   -c /home/jaqq/.gazebo/pp/build/CMakeFiles/CMakeTmp/CheckSymbolExists.c
Linking C executable cmTC_7a8b5
/usr/bin/cmake -E cmake_link_script CMakeFiles/cmTC_7a8b5.dir/link.txt --verbose=1
/usr/bin/cc       CMakeFiles/cmTC_7a8b5.dir/CheckSymbolExists.c.o  -o cmTC_7a8b5 -rdynamic 
CMakeFiles/cmTC_7a8b5.dir/CheckSymbolExists.c.o: 於函式 main:
CheckSymbolExists.c:(.text+0x16): 未定義參考到「pthread_create」
collect2: error: ld returned 1 exit status
CMakeFiles/cmTC_7a8b5.dir/build.make:97: recipe for target 'cmTC_7a8b5' failed
make[1]: *** [cmTC_7a8b5] Error 1
make[1]: Leaving directory '/home/jaqq/.gazebo/pp/build/CMakeFiles/CMakeTmp'
Makefile:126: recipe for target 'cmTC_7a8b5/fast' failed
make: *** [cmTC_7a8b5/fast] Error 2

File /home/jaqq/.gazebo/pp/build/CMakeFiles/CMakeTmp/CheckSymbolExists.c:
/* */
#include <pthread.h>

int main(int argc, char** argv)
{
  (void)argv;
#ifndef pthread_create
  return ((int*)(&pthread_create))[argc];
#else
  (void)argc;
  return 0;
#endif
}

Determining if the function pthread_create exists in the pthreads failed with the following output:
Change Dir: /home/jaqq/.gazebo/pp/build/CMakeFiles/CMakeTmp

Run Build Command:"/usr/bin/make" "cmTC_cd7cf/fast"
/usr/bin/make -f CMakeFiles/cmTC_cd7cf.dir/build.make CMakeFiles/cmTC_cd7cf.dir/build
make[1]: Entering directory '/home/jaqq/.gazebo/pp/build/CMakeFiles/CMakeTmp'
Building C object CMakeFiles/cmTC_cd7cf.dir/CheckFunctionExists.c.o
/usr/bin/cc    -DCHECK_FUNCTION_EXISTS=pthread_create   -o CMakeFiles/cmTC_cd7cf.dir/CheckFunctionExists.c.o   -c /usr/share/cmake-3.5/Modules/CheckFunctionExists.c
Linking C executable cmTC_cd7cf
/usr/bin/cmake -E cmake_link_script CMakeFiles/cmTC_cd7cf.dir/link.txt --verbose=1
/usr/bin/cc   -DCHECK_FUNCTION_EXISTS=pthread_create    CMakeFiles/cmTC_cd7cf.dir/CheckFunctionExists.c.o  -o cmTC_cd7cf -rdynamic -lpthreads 
/usr/bin/ld: 找不到 -lpthreads
collect2: error: ld returned 1 exit status
CMakeFiles/cmTC_cd7cf.dir/build.make:97: recipe for target 'cmTC_cd7cf' failed
make[1]: *** [cmTC_cd7cf] Error 1
make[1]: Leaving directory '/home/jaqq/.gazebo/pp/build/CMakeFiles/CMakeTmp'
Makefile:126: recipe for target 'cmTC_cd7cf/fast' failed
make: *** [cmTC_cd7cf/fast] Error 2


Determining if the pthread_create exist failed with the following output:
Change Dir: /home/jaqq/learning/gazebo/pp/build/CMakeFiles/CMakeTmp

Run Build Command:"/usr/bin/make" "cmTC_89b0f/fast"
/usr/bin/make -f CMakeFiles/cmTC_89b0f.dir/build.make CMakeFiles/cmTC_89b0f.dir/build
make[1]: Entering directory '/home/jaqq/learning/gazebo/pp/build/CMakeFiles/CMakeTmp'
Building C object CMakeFiles/cmTC_89b0f.dir/CheckSymbolExists.c.o
/usr/bin/cc     -o CMakeFiles/cmTC_89b0f.dir/CheckSymbolExists.c.o   -c /home/jaqq/learning/gazebo/pp/build/CMakeFiles/CMakeTmp/CheckSymbolExists.c
Linking C executable cmTC_89b0f
/usr/bin/cmake -E cmake_link_script CMakeFiles/cmTC_89b0f.dir/link.txt --verbose=1
/usr/bin/cc       CMakeFiles/cmTC_89b0f.dir/CheckSymbolExists.c.o  -o cmTC_89b0f -rdynamic 
CMakeFiles/cmTC_89b0f.dir/CheckSymbolExists.c.o: In function `main':
CheckSymbolExists.c:(.text+0x16): undefined reference to `pthread_create'
collect2: error: ld returned 1 exit status
CMakeFiles/cmTC_89b0f.dir/build.make:97: recipe for target 'cmTC_89b0f' failed
make[1]: *** [cmTC_89b0f] Error 1
make[1]: Leaving directory '/home/jaqq/learning/gazebo/pp/build/CMakeFiles/CMakeTmp'
Makefile:126: recipe for target 'cmTC_89b0f/fast' failed
make: *** [cmTC_89b0f/fast] Error 2

File /home/jaqq/learning/gazebo/pp/build/CMakeFiles/CMakeTmp/CheckSymbolExists.c:
/* */
#include <pthread.h>

int main(int argc, char** argv)
{
  (void)argv;
#ifndef pthread_create
  return ((int*)(&pthread_create))[argc];
#else
  (void)argc;
  return 0;
#endif
}

Determining if the function pthread_create exists in the pthreads failed with the following output:
Change Dir: /home/jaqq/learning/gazebo/pp/build/CMakeFiles/CMakeTmp

Run Build Command:"/usr/bin/make" "cmTC_c3d4f/fast"
/usr/bin/make -f CMakeFiles/cmTC_c3d4f.dir/build.make CMakeFiles/cmTC_c3d4f.dir/build
make[1]: Entering directory '/home/jaqq/learning/gazebo/pp/build/CMakeFiles/CMakeTmp'
Building C object CMakeFiles/cmTC_c3d4f.dir/CheckFunctionExists.c.o
/usr/bin/cc    -DCHECK_FUNCTION_EXISTS=pthread_create   -o CMakeFiles/cmTC_c3d4f.dir/CheckFunctionExists.c.o   -c /usr/share/cmake-3.5/Modules/CheckFunctionExists.c
Linking C executable cmTC_c3d4f
/usr/bin/cmake -E cmake_link_script CMakeFiles/cmTC_c3d4f.dir/link.txt --verbose=1
/usr/bin/cc   -DCHECK_FUNCTION_EXISTS=pthread_create    CMakeFiles/cmTC_c3d4f.dir/CheckFunctionExists.c.o  -o cmTC_c3d4f -rdynamic -lpthreads 
/usr/bin/ld: cannot find -lpthreads
collect2: error: ld returned 1 exit status
CMakeFiles/cmTC_c3d4f.dir/build.make:97: recipe for target 'cmTC_c3d4f' failed
make[1]: *** [cmTC_c3d4f] Error 1
make[1]: Leaving directory '/home/jaqq/learning/gazebo/pp/build/CMakeFiles/CMakeTmp'
Makefile:126: recipe for target 'cmTC_c3d4f/fast' failed
make: *** [cmTC_c3d4f/fast] Error 2


Determining if the pthread_create exist failed with the following output:
Change Dir: /home/jaqq/learning/gazebo/pp/build/CMakeFiles/CMakeTmp

Run Build Command:"/usr/bin/make" "cmTC_f3ffe/fast"
/usr/bin/make -f CMakeFiles/cmTC_f3ffe.dir/build.make CMakeFiles/cmTC_f3ffe.dir/build
make[1]: Entering directory '/home/jaqq/learning/gazebo/pp/build/CMakeFiles/CMakeTmp'
Building C object CMakeFiles/cmTC_f3ffe.dir/CheckSymbolExists.c.o
/usr/bin/cc     -o CMakeFiles/cmTC_f3ffe.dir/CheckSymbolExists.c.o   -c /home/jaqq/learning/gazebo/pp/build/CMakeFiles/CMakeTmp/CheckSymbolExists.c
Linking C executable cmTC_f3ffe
/usr/bin/cmake -E cmake_link_script CMakeFiles/cmTC_f3ffe.dir/link.txt --verbose=1
/usr/bin/cc       CMakeFiles/cmTC_f3ffe.dir/CheckSymbolExists.c.o  -o cmTC_f3ffe -rdynamic 
CMakeFiles/cmTC_f3ffe.dir/CheckSymbolExists.c.o: In function `main':
CheckSymbolExists.c:(.text+0x16): undefined reference to `pthread_create'
collect2: error: ld returned 1 exit status
CMakeFiles/cmTC_f3ffe.dir/build.make:97: recipe for target 'cmTC_f3ffe' failed
make[1]: *** [cmTC_f3ffe] Error 1
make[1]: Leaving directory '/home/jaqq/learning/gazebo/pp/build/CMakeFiles/CMakeTmp'
Makefile:126: recipe for target 'cmTC_f3ffe/fast' failed
make: *** [cmTC_f3ffe/fast] Error 2

File /home/jaqq/learning/gazebo/pp/build/CMakeFiles/CMakeTmp/CheckSymbolExists.c:
/* */
#include <pthread.h>

int main(int argc, char** argv)
{
  (void)argv;
#ifndef pthread_create
  return ((int*)(&pthread_create))[argc];
#else
  (void)argc;
  return 0;
#endif
}

Determining if the function pthread_create exists in the pthreads failed with the following output:
Change Dir: /home/jaqq/learning/gazebo/pp/build/CMakeFiles/CMakeTmp

Run Build Command:"/usr/bin/make" "cmTC_ebc81/fast"
/usr/bin/make -f CMakeFiles/cmTC_ebc81.dir/build.make CMakeFiles/cmTC_ebc81.dir/build
make[1]: Entering directory '/home/jaqq/learning/gazebo/pp/build/CMakeFiles/CMakeTmp'
Building C object CMakeFiles/cmTC_ebc81.dir/CheckFunctionExists.c.o
/usr/bin/cc    -DCHECK_FUNCTION_EXISTS=pthread_create   -o CMakeFiles/cmTC_ebc81.dir/CheckFunctionExists.c.o   -c /usr/share/cmake-3.5/Modules/CheckFunctionExists.c
Linking C executable cmTC_ebc81
/usr/bin/cmake -E cmake_link_script CMakeFiles/cmTC_ebc81.dir/link.txt --verbose=1
/usr/bin/cc   -DCHECK_FUNCTION_EXISTS=pthread_create    CMakeFiles/cmTC_ebc81.dir/CheckFunctionExists.c.o  -o cmTC_ebc81 -rdynamic -lpthreads 
/usr/bin/ld: cannot find -lpthreads
collect2: error: ld returned 1 exit status
CMakeFiles/cmTC_ebc81.dir/build.make:97: recipe for target 'cmTC_ebc81' failed
make[1]: *** [cmTC_ebc81] Error 1
make[1]: Leaving directory '/home/jaqq/learning/gazebo/pp/build/CMakeFiles/CMakeTmp'
Makefile:126: recipe for target 'cmTC_ebc81/fast' failed
make: *** [cmTC_ebc81/fast] Error 2


